[1/10] Performing build step for 'bootloader'
[1/1] C:\WINDOWS\system32\cmd.exe /C "cd /D C:\Users\taryc\Desktop\TESTE_WIFI_HTML\station\build\bootloader\esp-idf\esptool_py && C:\Users\taryc\.espressif\python_env\idf5.4_py3.11_env\Scripts\python.exe C:/Users/taryc/ESP/v5.4.2/esp-idf/components/partition_table/check_sizes.py --offset 0x8000 bootloader 0x1000 C:/Users/taryc/Desktop/TESTE_WIFI_HTML/station/build/bootloader/bootloader.bin"
Bootloader binary size 0x6570 bytes. 0xa90 bytes (9%) free.
[2/10] No install step for 'bootloader'
[3/10] Completed 'bootloader'
[4/10] Building C object esp-idf/main/CMakeFiles/__idf_main.dir/station_example_main.c.obj
FAILED: esp-idf/main/CMakeFiles/__idf_main.dir/station_example_main.c.obj 
ccache C:\Users\taryc\.espressif\tools\xtensa-esp-elf\esp-14.2.0_20241119\xtensa-esp-elf\bin\xtensa-esp32-elf-gcc.exe -DESP_PLATFORM -DIDF_VER=\"v5.4.2\" -DSOC_MMU_PAGE_SIZE=CONFIG_MMU_PAGE_SIZE -DSOC_XTAL_FREQ_MHZ=CONFIG_XTAL_FREQ -D_GLIBCXX_HAVE_POSIX_SEMAPHORE -D_GLIBCXX_USE_POSIX_SEMAPHORE -D_GNU_SOURCE -D_POSIX_READER_WRITER_LOCKS -IC:/Users/taryc/Desktop/TESTE_WIFI_HTML/station/build/config -IC:/Users/taryc/Desktop/TESTE_WIFI_HTML/station/main -IC:/Users/taryc/ESP/v5.4.2/esp-idf/components/newlib/platform_include -IC:/Users/taryc/ESP/v5.4.2/esp-idf/components/freertos/config/include -IC:/Users/taryc/ESP/v5.4.2/esp-idf/components/freertos/config/include/freertos -IC:/Users/taryc/ESP/v5.4.2/esp-idf/components/freertos/config/xtensa/include -IC:/Users/taryc/ESP/v5.4.2/esp-idf/components/freertos/FreeRTOS-Kernel/include -IC:/Users/taryc/ESP/v5.4.2/esp-idf/components/freertos/FreeRTOS-Kernel/portable/xtensa/include -IC:/Users/taryc/ESP/v5.4.2/esp-idf/components/freertos/FreeRTOS-Kernel/portable/xtensa/include/freertos -IC:/Users/taryc/ESP/v5.4.2/esp-idf/components/freertos/esp_additions/include -IC:/Users/taryc/ESP/v5.4.2/esp-idf/components/esp_hw_support/include -IC:/Users/taryc/ESP/v5.4.2/esp-idf/components/esp_hw_support/include/soc -IC:/Users/taryc/ESP/v5.4.2/esp-idf/components/esp_hw_support/include/soc/esp32 -IC:/Users/taryc/ESP/v5.4.2/esp-idf/components/esp_hw_support/dma/include -IC:/Users/taryc/ESP/v5.4.2/esp-idf/components/esp_hw_support/ldo/include -IC:/Users/taryc/ESP/v5.4.2/esp-idf/components/esp_hw_support/debug_probe/include -IC:/Users/taryc/ESP/v5.4.2/esp-idf/components/esp_hw_support/port/esp32/. -IC:/Users/taryc/ESP/v5.4.2/esp-idf/components/esp_hw_support/port/esp32/include -IC:/Users/taryc/ESP/v5.4.2/esp-idf/components/heap/include -IC:/Users/taryc/ESP/v5.4.2/esp-idf/components/heap/tlsf -IC:/Users/taryc/ESP/v5.4.2/esp-idf/components/log/include -IC:/Users/taryc/ESP/v5.4.2/esp-idf/components/soc/include -IC:/Users/taryc/ESP/v5.4.2/esp-idf/components/soc/esp32 -IC:/Users/taryc/ESP/v5.4.2/esp-idf/components/soc/esp32/include -IC:/Users/taryc/ESP/v5.4.2/esp-idf/components/soc/esp32/register -IC:/Users/taryc/ESP/v5.4.2/esp-idf/components/hal/platform_port/include -IC:/Users/taryc/ESP/v5.4.2/esp-idf/components/hal/esp32/include -IC:/Users/taryc/ESP/v5.4.2/esp-idf/components/hal/include -IC:/Users/taryc/ESP/v5.4.2/esp-idf/components/esp_rom/include -IC:/Users/taryc/ESP/v5.4.2/esp-idf/components/esp_rom/esp32/include -IC:/Users/taryc/ESP/v5.4.2/esp-idf/components/esp_rom/esp32/include/esp32 -IC:/Users/taryc/ESP/v5.4.2/esp-idf/components/esp_rom/esp32 -IC:/Users/taryc/ESP/v5.4.2/esp-idf/components/esp_common/include -IC:/Users/taryc/ESP/v5.4.2/esp-idf/components/esp_system/include -IC:/Users/taryc/ESP/v5.4.2/esp-idf/components/esp_system/port/soc -IC:/Users/taryc/ESP/v5.4.2/esp-idf/components/esp_system/port/include/private -IC:/Users/taryc/ESP/v5.4.2/esp-idf/components/xtensa/esp32/include -IC:/Users/taryc/ESP/v5.4.2/esp-idf/components/xtensa/include -IC:/Users/taryc/ESP/v5.4.2/esp-idf/components/xtensa/deprecated_include -IC:/Users/taryc/ESP/v5.4.2/esp-idf/components/lwip/include -IC:/Users/taryc/ESP/v5.4.2/esp-idf/components/lwip/include/apps -IC:/Users/taryc/ESP/v5.4.2/esp-idf/components/lwip/include/apps/sntp -IC:/Users/taryc/ESP/v5.4.2/esp-idf/components/lwip/lwip/src/include -IC:/Users/taryc/ESP/v5.4.2/esp-idf/components/lwip/port/include -IC:/Users/taryc/ESP/v5.4.2/esp-idf/components/lwip/port/freertos/include -IC:/Users/taryc/ESP/v5.4.2/esp-idf/components/lwip/port/esp32xx/include -IC:/Users/taryc/ESP/v5.4.2/esp-idf/components/lwip/port/esp32xx/include/arch -IC:/Users/taryc/ESP/v5.4.2/esp-idf/components/lwip/port/esp32xx/include/sys -IC:/Users/taryc/ESP/v5.4.2/esp-idf/components/esp_wifi/include -IC:/Users/taryc/ESP/v5.4.2/esp-idf/components/esp_wifi/include/local -IC:/Users/taryc/ESP/v5.4.2/esp-idf/components/esp_wifi/wifi_apps/include -IC:/Users/taryc/ESP/v5.4.2/esp-idf/components/esp_wifi/wifi_apps/nan_app/include -IC:/Users/taryc/ESP/v5.4.2/esp-idf/components/esp_event/include -IC:/Users/taryc/ESP/v5.4.2/esp-idf/components/esp_phy/include -IC:/Users/taryc/ESP/v5.4.2/esp-idf/components/esp_phy/esp32/include -IC:/Users/taryc/ESP/v5.4.2/esp-idf/components/esp_netif/include -IC:/Users/taryc/ESP/v5.4.2/esp-idf/components/nvs_flash/include -IC:/Users/taryc/ESP/v5.4.2/esp-idf/components/esp_partition/include -IC:/Users/taryc/ESP/v5.4.2/esp-idf/components/esp_http_server/include -IC:/Users/taryc/ESP/v5.4.2/esp-idf/components/http_parser -IC:/Users/taryc/ESP/v5.4.2/esp-idf/components/esp_driver_uart/include -IC:/Users/taryc/ESP/v5.4.2/esp-idf/components/vfs/include -IC:/Users/taryc/ESP/v5.4.2/esp-idf/components/driver/deprecated -IC:/Users/taryc/ESP/v5.4.2/esp-idf/components/driver/i2c/include -IC:/Users/taryc/ESP/v5.4.2/esp-idf/components/driver/touch_sensor/include -IC:/Users/taryc/ESP/v5.4.2/esp-idf/components/driver/twai/include -IC:/Users/taryc/ESP/v5.4.2/esp-idf/components/driver/touch_sensor/esp32/include -IC:/Users/taryc/ESP/v5.4.2/esp-idf/components/esp_pm/include -IC:/Users/taryc/ESP/v5.4.2/esp-idf/components/esp_ringbuf/include -IC:/Users/taryc/ESP/v5.4.2/esp-idf/components/esp_driver_gpio/include -IC:/Users/taryc/ESP/v5.4.2/esp-idf/components/esp_driver_pcnt/include -IC:/Users/taryc/ESP/v5.4.2/esp-idf/components/esp_driver_gptimer/include -IC:/Users/taryc/ESP/v5.4.2/esp-idf/components/esp_driver_spi/include -IC:/Users/taryc/ESP/v5.4.2/esp-idf/components/esp_driver_mcpwm/include -IC:/Users/taryc/ESP/v5.4.2/esp-idf/components/esp_driver_ana_cmpr/include -IC:/Users/taryc/ESP/v5.4.2/esp-idf/components/esp_driver_i2s/include -IC:/Users/taryc/ESP/v5.4.2/esp-idf/components/esp_driver_sdmmc/include -IC:/Users/taryc/ESP/v5.4.2/esp-idf/components/sdmmc/include -IC:/Users/taryc/ESP/v5.4.2/esp-idf/components/esp_driver_sdspi/include -IC:/Users/taryc/ESP/v5.4.2/esp-idf/components/esp_driver_sdio/include -IC:/Users/taryc/ESP/v5.4.2/esp-idf/components/esp_driver_dac/include -IC:/Users/taryc/ESP/v5.4.2/esp-idf/components/esp_driver_rmt/include -IC:/Users/taryc/ESP/v5.4.2/esp-idf/components/esp_driver_tsens/include -IC:/Users/taryc/ESP/v5.4.2/esp-idf/components/esp_driver_sdm/include -IC:/Users/taryc/ESP/v5.4.2/esp-idf/components/esp_driver_i2c/include -IC:/Users/taryc/ESP/v5.4.2/esp-idf/components/esp_driver_ledc/include -IC:/Users/taryc/ESP/v5.4.2/esp-idf/components/esp_driver_parlio/include -IC:/Users/taryc/ESP/v5.4.2/esp-idf/components/esp_driver_usb_serial_jtag/include -mlongcalls -Wno-frame-address  -fno-builtin-memcpy -fno-builtin-memset -fno-builtin-bzero -fno-builtin-stpcpy -fno-builtin-strncpy -fdiagnostics-color=always -ffunction-sections -fdata-sections -Wall -Werror=all -Wno-error=unused-function -Wno-error=unused-variable -Wno-error=unused-but-set-variable -Wno-error=deprecated-declarations -Wextra -Wno-error=extra -Wno-unused-parameter -Wno-sign-compare -Wno-enum-conversion -gdwarf-4 -ggdb -Og -fno-shrink-wrap -fmacro-prefix-map=C:/Users/taryc/Desktop/TESTE_WIFI_HTML/station=. -fmacro-prefix-map=C:/Users/taryc/ESP/v5.4.2/esp-idf=/IDF -fstrict-volatile-bitfields -fno-jump-tables -fno-tree-switch-conversion -std=gnu17 -Wno-old-style-declaration -MD -MT esp-idf/main/CMakeFiles/__idf_main.dir/station_example_main.c.obj -MF esp-idf\main\CMakeFiles\__idf_main.dir\station_example_main.c.obj.d -o esp-idf/main/CMakeFiles/__idf_main.dir/station_example_main.c.obj -c C:/Users/taryc/Desktop/TESTE_WIFI_HTML/station/main/station_example_main.c
C:/Users/taryc/Desktop/TESTE_WIFI_HTML/station/main/station_example_main.c: In function 'app_main':
C:/Users/taryc/Desktop/TESTE_WIFI_HTML/station/main/station_example_main.c:340:54: error: stray '\342' in program
  340 |                                                      <U+2191><U+2191><U+2191><U+2191>
      |                                                      ^~~~~~~~
C:/Users/taryc/Desktop/TESTE_WIFI_HTML/station/main/station_example_main.c:340:55: error: stray '\342' in program
  340 |                                                      <U+2191><U+2191><U+2191><U+2191>
      |                                                              ^~~~~~~~
C:/Users/taryc/Desktop/TESTE_WIFI_HTML/station/main/station_example_main.c:340:56: error: stray '\342' in program
  340 |                                                      <U+2191><U+2191><U+2191><U+2191>
      |                                                                      ^~~~~~~~
C:/Users/taryc/Desktop/TESTE_WIFI_HTML/station/main/station_example_main.c:340:57: error: stray '\342' in program
  340 |                                                      <U+2191><U+2191><U+2191><U+2191>
      |                                                                              ^~~~~~~~
C:/Users/taryc/Desktop/TESTE_WIFI_HTML/station/main/station_example_main.c: At top level:
C:/Users/taryc/Desktop/TESTE_WIFI_HTML/station/main/station_example_main.c:48:17: warning: 'uart_framebuf' defined but not used [-Wunused-variable]
   48 | static uint8_t  uart_framebuf[MLX_FRAME_BYTES];
      |                 ^~~~~~~~~~~~~
C:/Users/taryc/Desktop/TESTE_WIFI_HTML/station/main/station_example_main.c:46:17: warning: 'uart_rxbuf' defined but not used [-Wunused-variable]
   46 | static uint8_t  uart_rxbuf[MLX_UART_BUF];
      |                 ^~~~~~~~~~
C:/Users/taryc/Desktop/TESTE_WIFI_HTML/station/main/station_example_main.c:44:17: warning: 'mlx_raw16' defined but not used [-Wunused-variable]
   44 | static uint16_t mlx_raw16[MLX_PIXELS];
      |                 ^~~~~~~~~
ninja: build stopped: subcommand failed.
